<?xml version='1.0'?>
<ns2:test-suite xmlns:ns2='urn:model.allure.qatools.yandex.ru' start='1657791544878' stop='1657791544886'>
    <name>Login feature: Run Login</name>
    <title>Login feature: Run Login</title>
    <test-cases>
        <test-case start='1657791544879' status='passed' stop='1657791544881'>
            <name></name>
            <title></title>
            <labels>
                <label name='language' value='javascript'/>
                <label name='framework' value='wdio'/>
                <label name='thread' value='0-0'/>
            </labels>
            <parameters>
                <parameter kind='argument' name='browser' value='chrome-103.0.5060.114'/>
            </parameters>
            <steps/>
            <attachments/>
        </test-case>
        <test-case start='1657791544882' status='broken' stop='1657791544884'>
            <name>Given Automation practice site is open</name>
            <title>Given Automation practice site is open</title>
            <labels>
                <label name='language' value='javascript'/>
                <label name='framework' value='wdio'/>
                <label name='thread' value='0-0'/>
            </labels>
            <parameters>
                <parameter kind='argument' name='browser' value='chrome-103.0.5060.114'/>
            </parameters>
            <steps/>
            <attachments/>
            <failure>
                <message>Step "Automation practice site is open" is not defined. You can ignore this error by setting cucumberOpts.ignoreUndefinedDefinitions as true.</message>
                <stack-trace>Step "Automation practice site is open" is not defined. You can ignore this error by setting cucumberOpts.ignoreUndefinedDefinitions as true.
                	at Feature(C:\Users\joaguila\dFramework\features\test1\login.feature):1:1
                	at Scenario(Run Login):4:5
                	at Step(Automation practice site is open):5:5
                </stack-trace>
            </failure>
        </test-case>
        <test-case start='1657791544884' status='broken' stop='1657791544884'>
            <name>When Login johnrenzo.aguila@gmail.com and Agu!l@61594</name>
            <title>When Login johnrenzo.aguila@gmail.com and Agu!l@61594</title>
            <labels>
                <label name='language' value='javascript'/>
                <label name='framework' value='wdio'/>
                <label name='thread' value='0-0'/>
            </labels>
            <parameters>
                <parameter kind='argument' name='browser' value='chrome-103.0.5060.114'/>
            </parameters>
            <steps/>
            <attachments/>
            <failure>
                <message>Step "Login johnrenzo.aguila@gmail.com and Agu!l@61594" is not defined. You can ignore this error by setting cucumberOpts.ignoreUndefinedDefinitions as true.</message>
                <stack-trace>Step "Login johnrenzo.aguila@gmail.com and Agu!l@61594" is not defined. You can ignore this error by setting cucumberOpts.ignoreUndefinedDefinitions as true.
                	at Feature(C:\Users\joaguila\dFramework\features\test1\login.feature):1:1
                	at Scenario(Run Login):4:5
                	at Step(Login &lt;EmailAddress> and &lt;Password>):6:5
                </stack-trace>
            </failure>
        </test-case>
        <test-case start='1657791544884' status='passed' stop='1657791544885'>
            <name></name>
            <title></title>
            <labels>
                <label name='language' value='javascript'/>
                <label name='framework' value='wdio'/>
                <label name='thread' value='0-0'/>
            </labels>
            <parameters>
                <parameter kind='argument' name='browser' value='chrome-103.0.5060.114'/>
            </parameters>
            <steps/>
            <attachments/>
        </test-case>
    </test-cases>
</ns2:test-suite>