<?xml version='1.0'?>
<ns2:test-suite xmlns:ns2='urn:model.allure.qatools.yandex.ru' start='1658833180853' stop='1658833240882'>
    <name>Sign In: Sign In</name>
    <title>Sign In: Sign In</title>
    <test-cases>
        <test-case start='1658833180855' status='passed' stop='1658833180859'>
            <name></name>
            <title></title>
            <labels>
                <label name='language' value='javascript'/>
                <label name='framework' value='wdio'/>
                <label name='thread' value='0-0'/>
            </labels>
            <parameters>
                <parameter kind='argument' name='browser' value='chrome-103.0.5060.134'/>
            </parameters>
            <steps/>
            <attachments/>
        </test-case>
        <test-case start='1658833180859' status='broken' stop='1658833240878'>
            <name>Given Launch app in browser</name>
            <title>Given Launch app in browser</title>
            <labels>
                <label name='language' value='javascript'/>
                <label name='framework' value='wdio'/>
                <label name='thread' value='0-0'/>
            </labels>
            <parameters>
                <parameter kind='argument' name='browser' value='chrome-103.0.5060.134'/>
            </parameters>
            <steps>
                <step start='1658833180865' status='passed' stop='1658833195329'>
                    <name>POST /session/:sessionId/url</name>
                    <title>POST /session/:sessionId/url</title>
                    <attachments>
                        <attachment title='Request' source='2a264018-6db0-4a54-b726-bd02d3b62391-attachment.json' type='application/json' size='46'/>
                    </attachments>
                    <steps/>
                </step>
                <step start='1658833195329' status='passed' stop='1658833195459'>
                    <name>POST /session/:sessionId/window/maximize</name>
                    <title>POST /session/:sessionId/window/maximize</title>
                    <attachments>
                        <attachment title='Response' source='1767a6b6-0d3c-447a-b38c-e041451aa4cb-attachment.json' type='application/json' size='58'/>
                    </attachments>
                    <steps/>
                </step>
            </steps>
            <attachments/>
            <failure>
                <message>Error: function timed out, ensure the promise resolves within 60000 milliseconds</message>
                <stack-trace>Error: function timed out, ensure the promise resolves within 60000 milliseconds
                    at Timeout.&lt;anonymous> (C:\Users\joaguila\dFramework\node_modules\@wdio\cucumber-framework\node_modules\@cucumber\cucumber\src\time.ts:53:14)
                    at listOnTimeout (node:internal/timers:559:17)
                    at processTimers (node:internal/timers:502:7)</stack-trace>
            </failure>
        </test-case>
        <test-case start='1658833240878' status='broken' stop='1658833240879'>
            <name>Then Click Sign In</name>
            <title>Then Click Sign In</title>
            <labels>
                <label name='language' value='javascript'/>
                <label name='framework' value='wdio'/>
                <label name='thread' value='0-0'/>
            </labels>
            <parameters>
                <parameter kind='argument' name='browser' value='chrome-103.0.5060.134'/>
            </parameters>
            <steps/>
            <attachments/>
            <failure>
                <message>Step "Click Sign In" is not defined. You can ignore this error by setting cucumberOpts.ignoreUndefinedDefinitions as true.</message>
                <stack-trace>Step "Click Sign In" is not defined. You can ignore this error by setting cucumberOpts.ignoreUndefinedDefinitions as true.
                	at Feature(C:\Users\joaguila\dFramework\features\test1\login.feature):1:1
                	at Scenario(Sign In):4:5
                	at Step(Click Sign In):6:9
                </stack-trace>
            </failure>
        </test-case>
        <test-case start='1658833240879' status='passed' stop='1658833240881'>
            <name></name>
            <title></title>
            <labels>
                <label name='language' value='javascript'/>
                <label name='framework' value='wdio'/>
                <label name='thread' value='0-0'/>
            </labels>
            <parameters>
                <parameter kind='argument' name='browser' value='chrome-103.0.5060.134'/>
            </parameters>
            <steps/>
            <attachments/>
        </test-case>
    </test-cases>
</ns2:test-suite>